#include <iostream>
#include <vector>
#include <stdio.h>

using namespace std;
int n;
string str4,str5;
int main()
{
	str4 = "YES\n2 * 3 = 6\n6 * 4 = 24\n24 * 1 = 24";
	str5 = "YES\n3 - 1 = 2\n2 + 2 = 4\n4 * 5 = 20\n20 + 4 = 24";
	scanf("%d",&n);
	if(n<4) printf("NO");
	else
	{
		if(n%2==0) 
		{
			if(n==4)
			{
				cout << str4;
			}
			else
			{
				cout << str4;
				for(int i =5;i<n;i+=2)
				{
					cout << endl << i+1 << " - " << i << " = " << "1";
				}
				for(int i =1;i<(n-4)/2;i++)
				{
					cout << endl << 1 << " * " << 1 << " = " << "1";
				}
				cout << endl << 24 << " * " << 1 << " = " << "24";
			}
		}
		else
		{
			if(n==5)
			{
				cout << str5;
			}
			else
			{
				cout << str5;
				for(int i =6;i<n;i+=2)
				{
					cout << endl << i+1 << " - " << i << " = " << "1";
				}
				for(int i =1;i<(n-5)/2;i++)
				{
					cout << endl << 1 << " * " << 1 << " = " << "1";
				}
				cout << endl << 24 << " * " << 1 << " = " << "24";
			}
		}
		
	}



	return 0;
}
